<?xml version="1.0" encoding="UTF-8"?>
<!-- Generated by org.testng.reporters.JUnitXMLReporter -->
<testsuite ignored="3" hostname="comunus-194" failures="1" tests="1" name="Suite Test2" time="192.106" errors="0" timestamp="25 Oct 2023 09:46:37 GMT">
  <testcase classname="com.absli.testcases.EndtoEndProposerSame" name="CompletemajordiffGMStestB" time="163.419">
    <failure type="org.openqa.selenium.ElementClickInterceptedException" message="element click intercepted: Element &amp;lt;span class=&amp;quot;undefined jss1137&amp;quot;&amp;gt;...&amp;lt;/span&amp;gt; is not clickable at point (393, 413). Other element would receive the click: &amp;lt;span class=&amp;quot;undefined jss1137&amp;quot;&amp;gt;...&amp;lt;/span&amp;gt;
  (Session info: chrome=118.0.5993.70)
Build info: version: &amp;apos;4.11.0&amp;apos;, revision: &amp;apos;040bc5406b&amp;apos;
System info: os.name: &amp;apos;Windows 11&amp;apos;, os.arch: &amp;apos;amd64&amp;apos;, os.version: &amp;apos;10.0&amp;apos;, java.version: &amp;apos;20.0.1&amp;apos;
Driver info: org.openqa.selenium.chrome.ChromeDriver
Command: [7c2f782a4b5e51470a5a8f43466e3125, clickElement {id=BBD78A63E1976F0BFD53C680D888D2AB_element_461}]
Capabilities {acceptInsecureCerts: false, browserName: chrome, browserVersion: 118.0.5993.70, chrome: {chromedriverVersion: 118.0.5993.70 (e52f33f30b91..., userDataDir: C:\Users\COMUNU~1.COM\AppDa...}, fedcm:accounts: true, goog:chromeOptions: {debuggerAddress: localhost:55746}, networkConnectionEnabled: false, pageLoadStrategy: normal, platformName: windows, proxy: Proxy(), se:cdp: ws://localhost:55746/devtoo..., se:cdpVersion: 118.0.5993.70, setWindowRect: true, strictFileInteractability: false, timeouts: {implicit: 0, pageLoad: 300000, script: 30000}, unhandledPromptBehavior: dismiss and notify, webauthn:extension:credBlob: true, webauthn:extension:largeBlob: true, webauthn:extension:minPinLength: true, webauthn:extension:prf: true, webauthn:virtualAuthenticators: true}
Element: [[ChromeDriver: chrome on windows (7c2f782a4b5e51470a5a8f43466e3125)] -&amp;gt; xpath: (//span[contains(text(),&amp;apos;Residential Address&amp;apos;)])]
Session ID: 7c2f782a4b5e51470a5a8f43466e3125">
      <![CDATA[org.openqa.selenium.ElementClickInterceptedException: element click intercepted: Element <span class="undefined jss1137">...</span> is not clickable at point (393, 413). Other element would receive the click: <span class="undefined jss1137">...</span>
  (Session info: chrome=118.0.5993.70)
Build info: version: '4.11.0', revision: '040bc5406b'
System info: os.name: 'Windows 11', os.arch: 'amd64', os.version: '10.0', java.version: '20.0.1'
Driver info: org.openqa.selenium.chrome.ChromeDriver
Command: [7c2f782a4b5e51470a5a8f43466e3125, clickElement {id=BBD78A63E1976F0BFD53C680D888D2AB_element_461}]
Capabilities {acceptInsecureCerts: false, browserName: chrome, browserVersion: 118.0.5993.70, chrome: {chromedriverVersion: 118.0.5993.70 (e52f33f30b91..., userDataDir: C:\Users\COMUNU~1.COM\AppDa...}, fedcm:accounts: true, goog:chromeOptions: {debuggerAddress: localhost:55746}, networkConnectionEnabled: false, pageLoadStrategy: normal, platformName: windows, proxy: Proxy(), se:cdp: ws://localhost:55746/devtoo..., se:cdpVersion: 118.0.5993.70, setWindowRect: true, strictFileInteractability: false, timeouts: {implicit: 0, pageLoad: 300000, script: 30000}, unhandledPromptBehavior: dismiss and notify, webauthn:extension:credBlob: true, webauthn:extension:largeBlob: true, webauthn:extension:minPinLength: true, webauthn:extension:prf: true, webauthn:virtualAuthenticators: true}
Element: [[ChromeDriver: chrome on windows (7c2f782a4b5e51470a5a8f43466e3125)] -> xpath: (//span[contains(text(),'Residential Address')])]
Session ID: 7c2f782a4b5e51470a5a8f43466e3125
	at org.openqa.selenium.remote.codec.w3c.W3CHttpResponseCodec.createException(W3CHttpResponseCodec.java:200)
	at org.openqa.selenium.remote.codec.w3c.W3CHttpResponseCodec.decode(W3CHttpResponseCodec.java:133)
	at org.openqa.selenium.remote.codec.w3c.W3CHttpResponseCodec.decode(W3CHttpResponseCodec.java:52)
	at org.openqa.selenium.remote.HttpCommandExecutor.execute(HttpCommandExecutor.java:191)
	at org.openqa.selenium.remote.service.DriverCommandExecutor.invokeExecute(DriverCommandExecutor.java:196)
	at org.openqa.selenium.remote.service.DriverCommandExecutor.execute(DriverCommandExecutor.java:171)
	at org.openqa.selenium.remote.RemoteWebDriver.execute(RemoteWebDriver.java:518)
	at org.openqa.selenium.remote.RemoteWebElement.execute(RemoteWebElement.java:224)
	at org.openqa.selenium.remote.RemoteWebElement.click(RemoteWebElement.java:77)
	at com.absli.pageObjects.AddressDetalis.ClickOnAddressLocation2Button(AddressDetalis.java:262)
	at Utils.EndToEndProMajorJourney.gotoEndToEndMajorJourney(EndToEndProMajorJourney.java:146)
	at com.absli.testcases.EndtoEndProposerSame.CompletemajordiffGMStestB(EndtoEndProposerSame.java:125)
	at java.base/java.util.concurrent.FutureTask.run(FutureTask.java:317)
	at java.base/java.util.concurrent.ThreadPoolExecutor.runWorker(ThreadPoolExecutor.java:1144)
	at java.base/java.util.concurrent.ThreadPoolExecutor$Worker.run(ThreadPoolExecutor.java:642)
	at java.base/java.lang.Thread.run(Thread.java:1623)
... Removed 17 stack frames]]>
    </failure>
  </testcase> <!-- CompletemajordiffGMStestB -->
  <testcase classname="com.absli.testcases.EndtoEndProposerSame" name="CompletemajordiffGMStestA" time="0.0">
    <ignored/>
  </testcase> <!-- CompletemajordiffGMStestA -->
  <testcase classname="com.absli.testcases.EndtoEndProposerSame" name="CompletesameGMStestV" time="0.0">
    <ignored/>
  </testcase> <!-- CompletesameGMStestV -->
  <testcase classname="com.absli.testcases.EndtoEndProposerSame" name="CompletesameGMStestP" time="0.0">
    <ignored/>
  </testcase> <!-- CompletesameGMStestP -->
</testsuite> <!-- Suite Test2 -->
