<?xml version="1.0" encoding="UTF-8"?>
<!-- Generated by org.testng.reporters.JUnitXMLReporter -->
<testsuite ignored="0" hostname="comunus-194" failures="1" tests="1" name="Suite Test1" time="110.311" errors="0" timestamp="30 Oct 2023 06:56:14 GMT">
  <testcase classname="com.absli.testcases.EndtoEndProposerDiff_Minor" name="CompleteminorGMStestA" time="64.294">
    <failure type="org.openqa.selenium.ElementClickInterceptedException" message="element click intercepted: Element &amp;lt;div class=&amp;quot;jss878 &amp;quot; for=&amp;quot;accordian-checkbox&amp;quot;&amp;gt;...&amp;lt;/div&amp;gt; is not clickable at point (453, 290). Other element would receive the click: &amp;lt;div class=&amp;quot;MuiPaper-root MuiAccordion-root jss881 undefined Mui-disabled MuiAccordion-rounded MuiPaper-elevation1 MuiPaper-rounded&amp;quot;&amp;gt;...&amp;lt;/div&amp;gt;
  (Session info: chrome=118.0.5993.70)
Build info: version: &amp;apos;4.11.0&amp;apos;, revision: &amp;apos;040bc5406b&amp;apos;
System info: os.name: &amp;apos;Windows 11&amp;apos;, os.arch: &amp;apos;amd64&amp;apos;, os.version: &amp;apos;10.0&amp;apos;, java.version: &amp;apos;20.0.1&amp;apos;
Driver info: org.openqa.selenium.chrome.ChromeDriver
Command: [e4cb58ddaf43731e3da7582425cd255a, clickElement {id=280C9DB8366B13C7FEFBF296E18F0E1C_element_304}]
Capabilities {acceptInsecureCerts: false, browserName: chrome, browserVersion: 118.0.5993.70, chrome: {chromedriverVersion: 118.0.5993.70 (e52f33f30b91..., userDataDir: C:\Users\COMUNU~1.COM\AppDa...}, fedcm:accounts: true, goog:chromeOptions: {debuggerAddress: localhost:53330}, networkConnectionEnabled: false, pageLoadStrategy: normal, platformName: windows, proxy: Proxy(), se:cdp: ws://localhost:53330/devtoo..., se:cdpVersion: 118.0.5993.70, setWindowRect: true, strictFileInteractability: false, timeouts: {implicit: 0, pageLoad: 300000, script: 30000}, unhandledPromptBehavior: dismiss and notify, webauthn:extension:credBlob: true, webauthn:extension:largeBlob: true, webauthn:extension:minPinLength: true, webauthn:extension:prf: true, webauthn:virtualAuthenticators: true}
Element: [[ChromeDriver: chrome on windows (e4cb58ddaf43731e3da7582425cd255a)] -&amp;gt; xpath: //div[text()=&amp;apos;Accidental Death and Disability&amp;apos;]]
Session ID: e4cb58ddaf43731e3da7582425cd255a">
      <![CDATA[org.openqa.selenium.ElementClickInterceptedException: element click intercepted: Element <div class="jss878 " for="accordian-checkbox">...</div> is not clickable at point (453, 290). Other element would receive the click: <div class="MuiPaper-root MuiAccordion-root jss881 undefined Mui-disabled MuiAccordion-rounded MuiPaper-elevation1 MuiPaper-rounded">...</div>
  (Session info: chrome=118.0.5993.70)
Build info: version: '4.11.0', revision: '040bc5406b'
System info: os.name: 'Windows 11', os.arch: 'amd64', os.version: '10.0', java.version: '20.0.1'
Driver info: org.openqa.selenium.chrome.ChromeDriver
Command: [e4cb58ddaf43731e3da7582425cd255a, clickElement {id=280C9DB8366B13C7FEFBF296E18F0E1C_element_304}]
Capabilities {acceptInsecureCerts: false, browserName: chrome, browserVersion: 118.0.5993.70, chrome: {chromedriverVersion: 118.0.5993.70 (e52f33f30b91..., userDataDir: C:\Users\COMUNU~1.COM\AppDa...}, fedcm:accounts: true, goog:chromeOptions: {debuggerAddress: localhost:53330}, networkConnectionEnabled: false, pageLoadStrategy: normal, platformName: windows, proxy: Proxy(), se:cdp: ws://localhost:53330/devtoo..., se:cdpVersion: 118.0.5993.70, setWindowRect: true, strictFileInteractability: false, timeouts: {implicit: 0, pageLoad: 300000, script: 30000}, unhandledPromptBehavior: dismiss and notify, webauthn:extension:credBlob: true, webauthn:extension:largeBlob: true, webauthn:extension:minPinLength: true, webauthn:extension:prf: true, webauthn:virtualAuthenticators: true}
Element: [[ChromeDriver: chrome on windows (e4cb58ddaf43731e3da7582425cd255a)] -> xpath: //div[text()='Accidental Death and Disability']]
Session ID: e4cb58ddaf43731e3da7582425cd255a
	at org.openqa.selenium.remote.codec.w3c.W3CHttpResponseCodec.createException(W3CHttpResponseCodec.java:200)
	at org.openqa.selenium.remote.codec.w3c.W3CHttpResponseCodec.decode(W3CHttpResponseCodec.java:133)
	at org.openqa.selenium.remote.codec.w3c.W3CHttpResponseCodec.decode(W3CHttpResponseCodec.java:52)
	at org.openqa.selenium.remote.HttpCommandExecutor.execute(HttpCommandExecutor.java:191)
	at org.openqa.selenium.remote.service.DriverCommandExecutor.invokeExecute(DriverCommandExecutor.java:196)
	at org.openqa.selenium.remote.service.DriverCommandExecutor.execute(DriverCommandExecutor.java:171)
	at org.openqa.selenium.remote.RemoteWebDriver.execute(RemoteWebDriver.java:518)
	at org.openqa.selenium.remote.RemoteWebElement.execute(RemoteWebElement.java:224)
	at org.openqa.selenium.remote.RemoteWebElement.click(RemoteWebElement.java:77)
	at org.openqa.selenium.support.pagefactory.internal.LocatingElementHandler.invoke(LocatingElementHandler.java:51)
	at jdk.proxy2/jdk.proxy2.$Proxy26.click(Unknown Source)
	at com.absli.pageObjects.ViewQuote.addADD(ViewQuote.java:389)
	at Utils.ViewQuoteFactoryGMS.ViewPageGMS(ViewQuoteFactoryGMS.java:144)
	at com.absli.testcases.EndtoEndProposerDiff_Minor.CompleteminorGMStestA(EndtoEndProposerDiff_Minor.java:50)
	at java.base/java.util.concurrent.FutureTask.run(FutureTask.java:317)
	at java.base/java.util.concurrent.ThreadPoolExecutor.runWorker(ThreadPoolExecutor.java:1144)
	at java.base/java.util.concurrent.ThreadPoolExecutor$Worker.run(ThreadPoolExecutor.java:642)
	at java.base/java.lang.Thread.run(Thread.java:1623)
... Removed 19 stack frames]]>
    </failure>
  </testcase> <!-- CompleteminorGMStestA -->
</testsuite> <!-- Suite Test1 -->
